<?xml version="1.0" encoding="UTF-8"?>
<!-- Generated by org.testng.reporters.JUnitXMLReporter -->
<testsuite ignored="0" hostname="LAPTOP-GMVIC82N" failures="1" tests="2" name="Test" time="8.269" errors="0" timestamp="2026-05-05T12:55:23 IST">
  <testcase classname="testCases.TC001_AccountRegistrationTest" name="verify_account_registration" time="2.541"/>
  <testcase classname="testCases.TC002_LoginTest" name="verify_login" time="1.518">
    <failure type="java.lang.AssertionError" message="Login Failed expected [true] but found [false]">
      <![CDATA[java.lang.AssertionError: Login Failed expected [true] but found [false]
at testCases.TC002_LoginTest.verify_login(TC002_LoginTest.java:30)
at java.base/java.util.ArrayList.forEach(ArrayList.java:1597)
... Removed 35 stack frames]]>
    </failure>
  </testcase> <!-- verify_login -->
</testsuite> <!-- Test -->
