<?xml version="1.0" encoding="UTF-8"?>
<!-- Generated by org.testng.reporters.JUnitXMLReporter -->
<testsuite ignored="0" hostname="LAPTOP-GMVIC82N" failures="1" tests="5" name="Test" time="28.241" errors="0" timestamp="2026-05-04T13:23:36 IST">
  <testcase classname="testCases.TC001_AccountRegistrationTest" name="verify_account_registration" time="2.978"/>
  <testcase classname="testCases.TC002_LoginTest" name="verify_login" time="0.723"/>
  <testcase classname="testCases.TC003_LoginDDT" name="verify_loginDDT" time="11.969">
    <failure type="java.lang.AssertionError" message="null">
      <![CDATA[java.lang.AssertionError: null
at testCases.TC003_LoginDDT.verify_loginDDT(TC003_LoginDDT.java:50)
at java.base/java.util.ArrayList.forEach(ArrayList.java:1511)
... Removed 29 stack frames]]>
    </failure>
  </testcase> <!-- verify_loginDDT -->
  <testcase classname="testCases.TC003_LoginDDT" name="verify_loginDDT" time="2.868"/>
  <testcase classname="testCases.TC003_LoginDDT" name="verify_loginDDT" time="1.415"/>
</testsuite> <!-- Test -->
